<?xml version="1.0" encoding="UTF-8"?>
<!-- Generated by org.testng.reporters.JUnitReportReporter -->
<testsuite hostname="Kunal-Laptop" name="test_1" tests="2" failures="0" timestamp="5 Nov 2014 01:52:14 GMT" time="0.003" errors="0">
  <testcase name="testLogin" time="0.001" classname="test_1"/>
  <testcase name="testUserregisteration" time="0.002" classname="test_1"/>
</testsuite> <!-- test_1 -->
