<?xml version="1.0" encoding="UTF-8"?>
<!-- Generated by org.testng.reporters.JUnitReportReporter -->
<testsuite hostname="Kunal-Laptop" name="testFormfill" tests="2" failures="0" timestamp="5 Nov 2014 01:52:14 GMT" time="0.001" errors="0">
  <testcase name="testFormfill" time="0.001" classname="testFormfill"/>
  <testcase name="testFormfill" time="0.000" classname="testFormfill"/>
</testsuite> <!-- testFormfill -->
