<?xml version="1.0" encoding="UTF-8"?>
<!-- Generated by org.testng.reporters.JUnitReportReporter -->
<testsuite hostname="LHQ2324" name="testAssertion" tests="2" failures="0" timestamp="27 Mar 2012 10:19:52 GMT" time="0.022" errors="0">
  <testcase name="testLink" time="0.018" classname="testAssertion"/>
  <testcase name="testTitle" time="0.004" classname="testAssertion"/>
</testsuite>
